DEBUG:asyncio:Using selector: SelectSelector
DEBUG:asyncio:Using selector: SelectSelector
DEBUG:asyncio:Using selector: SelectSelector
DEBUG:asyncio:Using selector: SelectSelector
DEBUG:Chord:Updating Periodically!
DEBUG:asyncio:Using selector: SelectSelector
INFO:Chord:Started Updating Periodically!
INFO:Chord:Waiting for others to join the ring!
DEBUG:Chord:Stabilizing
INFO:Chord:Waiting for others to join the ring!
DEBUG:Chord:Stabilizing
INFO:Chord:Waiting for others to join the ring!
DEBUG:Chord:Stabilizing
INFO:Chord:Waiting for others to join the ring!
DEBUG:asyncio:Using selector: SelectSelector
DEBUG:asyncio:Using selector: SelectSelector
INFO:Chord:Started Updating Periodically!
INFO:Chord:Waiting for others to join the ring!
DEBUG:Chord:Stabilizing
INFO:Chord:Waiting for others to join the ring!
DEBUG:Chord:Stabilizing
INFO:Chord:Waiting for others to join the ring!
DEBUG:Chord:Stabilizing
INFO:Chord:Waiting for others to join the ring!
DEBUG:Chord:Stabilizing
INFO:Chord:Waiting for others to join the ring!
DEBUG:asyncio:Using selector: SelectSelector
INFO:Chord:Started Updating Periodically!
INFO:Chord:Waiting for others to join the ring!
DEBUG:Chord:Stabilizing
INFO:Chord:Waiting for others to join the ring!
DEBUG:Chord:Stabilizing
INFO:Chord:Waiting for others to join the ring!
DEBUG:asyncio:Using selector: SelectSelector
DEBUG:asyncio:Using selector: SelectSelector
INFO:Chord:Started Updating Periodically!
INFO:Chord:Waiting for others to join the ring!
DEBUG:Chord:Stabilizing
INFO:Chord:Waiting for others to join the ring!
DEBUG:asyncio:Using selector: SelectSelector
INFO:Chord:Started Updating Periodically!
INFO:Chord:Waiting for others to join the ring!
DEBUG:Chord:Stabilizing
INFO:Chord:Waiting for others to join the ring!
DEBUG:Chord:Stabilizing
DEBUG:asyncio:Using selector: SelectSelector
INFO:Chord:Started Updating Periodically!
INFO:Chord:Waiting for others to join the ring!
DEBUG:Chord:Stabilizing
DEBUG:asyncio:Using selector: SelectSelector
INFO:Chord:Started Updating Periodically!
INFO:Chord:Waiting for others to join the ring!
DEBUG:Chord:Stabilizing
